c:\users\coto\source\repos\egg-master\egg master v20190420\debug\vc142.pdb
c:\users\coto\source\repos\egg-master\egg master v20190420\debug\vc142.idb
c:\users\coto\source\repos\egg-master\egg master v20190420\debug\vector2d.obj
c:\users\coto\source\repos\egg-master\egg master v20190420\debug\timer.obj
c:\users\coto\source\repos\egg-master\egg master v20190420\debug\texturemanager.obj
c:\users\coto\source\repos\egg-master\egg master v20190420\debug\playerstats.obj
c:\users\coto\source\repos\egg-master\egg master v20190420\debug\main.obj
c:\users\coto\source\repos\egg-master\egg master v20190420\debug\gamestats.obj
c:\users\coto\source\repos\egg-master\egg master v20190420\debug\game.obj
c:\users\coto\source\repos\egg-master\egg master v20190420\debug\frame.obj
c:\users\coto\source\repos\egg-master\egg master v20190420\debug\collision.obj
c:\users\coto\source\repos\egg-master\egg master v20190420\debug\background.obj
c:\users\coto\source\repos\egg-master\egg master v20190420\debug\assetmanager.obj
c:\users\coto\source\repos\egg-master\debug\egg master v20190420.exe
c:\users\coto\source\repos\egg-master\debug\egg master v20190420.ilk
c:\users\coto\source\repos\egg-master\debug\egg master v20190420.pdb
c:\users\coto\source\repos\egg-master\egg master v20190420\debug\egg mast.471d32e6.tlog\cl.command.1.tlog
c:\users\coto\source\repos\egg-master\egg master v20190420\debug\egg mast.471d32e6.tlog\cl.read.1.tlog
c:\users\coto\source\repos\egg-master\egg master v20190420\debug\egg mast.471d32e6.tlog\cl.write.1.tlog
c:\users\coto\source\repos\egg-master\egg master v20190420\debug\egg mast.471d32e6.tlog\link.command.1.tlog
c:\users\coto\source\repos\egg-master\egg master v20190420\debug\egg mast.471d32e6.tlog\link.read.1.tlog
c:\users\coto\source\repos\egg-master\egg master v20190420\debug\egg mast.471d32e6.tlog\link.write.1.tlog
